2025-12-23 10:44:12 [32mINFO[0m root: >>>>>>>>>>>>>>>>>>>>>>>>>>>>>>>>>>>>>>>>>>>>>>>>>>>>>>>>>>>>>>>>>>>>>>>>>>>>>>>>>>>>>>>>>>>>>>>>>>>>>>>>>>>>
2025-12-23 10:44:12 [32mINFO[0m root: ========== üåê API ËØ∑Ê±Ç ==========
2025-12-23 10:44:12 [32mINFO[0m root: METHOD  : POST
2025-12-23 10:44:12 [32mINFO[0m root: URL     : https://23pg1.com/game/games/l?force_no_encrypt=567f9c9a-28cf-4096-b540-e428f40a1e74-jh82&isDev=yes
2025-12-23 10:44:12 [32mINFO[0m root: HEADERS : {'Content-Type': 'application/json'}
2025-12-23 10:44:12 [32mINFO[0m root: PARAMS  : {'force_no_encrypt': '567f9c9a-28cf-4096-b540-e428f40a1e74-jh82'}
2025-12-23 10:44:12 [32mINFO[0m root: JSON    : {"platform": "V6Lottery", "code": "0", "currency": 3, "device": "h5", "extra": {"session_token": "167052", "game_type": "lottery", "dm": "https://23pg1.com/#/?isDev=yes&cate_tab=lottery"}}
2025-12-23 10:44:14 [32mINFO[0m root: ========== üì• API ÂìçÂ∫î ==========
2025-12-23 10:44:14 [32mINFO[0m root: STATUS  : 200
2025-12-23 10:44:14 [32mINFO[0m root: BODY    : {"data":{"url":"https://lott.v6a7hash.com/?token=eyJhbGciOiJIUzUxMiIsImlhdCI6MTc2NjQ1Nzg1MiwiZXhwIjoxNzY2NTQ0MjUyfQ.eyJpZCI6NDcyODMsInVzZXJuYW1lIjoicGd5bF9wZ3lsMTk2NjMxNjcwNTIifQ.5Y3bUolAlZ0iSvyADMxxz1lgBPbp1ifn86YzAahVYsUMJBgPzraBhWxJrSGiIjJSD0dUHcF0OEbP6bLjqpVgEw","platform":"V6Lottery","game":"0","method":"get","redirect":true},"code":200}
2025-12-23 10:44:14 [32mINFO[0m root: ========== üìå API Êñ≠Ë®Ä ==========
2025-12-23 10:44:19 [31m[1mERROR[0m root: [EXTRA_URL][ERROR] ÂΩ©Á•®Â§ßÂéÖ/ÈïøÈæôÈìæÊé•ËÆøÈóÆÂºÇÂ∏∏ | url=https://lott.v6a7hash.com/?token=eyJhbGciOiJIUzUxMiIsImlhdCI6MTc2NjQ1Nzg1MiwiZXhwIjoxNzY2NTQ0MjUyfQ.eyJpZCI6NDcyODMsInVzZXJuYW1lIjoicGd5bF9wZ3lsMTk2NjMxNjcwNTIifQ.5Y3bUolAlZ0iSvyADMxxz1lgBPbp1ifn86YzAahVYsUMJBgPzraBhWxJrSGiIjJSD0dUHcF0OEbP6bLjqpVgEw
Traceback (most recent call last):
  File "D:\Python\Python310\lib\site-packages\urllib3\connectionpool.py", line 773, in urlopen
    self._prepare_proxy(conn)
  File "D:\Python\Python310\lib\site-packages\urllib3\connectionpool.py", line 1042, in _prepare_proxy
    conn.connect()
  File "D:\Python\Python310\lib\site-packages\urllib3\connection.py", line 796, in connect
    sock_and_verified = _ssl_wrap_socket_and_match_hostname(
  File "D:\Python\Python310\lib\site-packages\urllib3\connection.py", line 975, in _ssl_wrap_socket_and_match_hostname
    ssl_sock = ssl_wrap_socket(
  File "D:\Python\Python310\lib\site-packages\urllib3\util\ssl_.py", line 483, in ssl_wrap_socket
    ssl_sock = _ssl_wrap_socket_impl(sock, context, tls_in_tls, server_hostname)
  File "D:\Python\Python310\lib\site-packages\urllib3\util\ssl_.py", line 527, in _ssl_wrap_socket_impl
    return ssl_context.wrap_socket(sock, server_hostname=server_hostname)
  File "D:\Python\Python310\lib\ssl.py", line 513, in wrap_socket
    return self.sslsocket_class._create(
  File "D:\Python\Python310\lib\ssl.py", line 1071, in _create
    self.do_handshake()
  File "D:\Python\Python310\lib\ssl.py", line 1342, in do_handshake
    self._sslobj.do_handshake()
TimeoutError: _ssl.c:990: The handshake operation timed out

The above exception was the direct cause of the following exception:

Traceback (most recent call last):
  File "D:\Python\Python310\lib\site-packages\requests\adapters.py", line 644, in send
    resp = conn.urlopen(
  File "D:\Python\Python310\lib\site-packages\urllib3\connectionpool.py", line 841, in urlopen
    retries = retries.increment(
  File "D:\Python\Python310\lib\site-packages\urllib3\util\retry.py", line 474, in increment
    raise reraise(type(error), error, _stacktrace)
  File "D:\Python\Python310\lib\site-packages\urllib3\util\util.py", line 39, in reraise
    raise value
  File "D:\Python\Python310\lib\site-packages\urllib3\connectionpool.py", line 775, in urlopen
    self._raise_timeout(
  File "D:\Python\Python310\lib\site-packages\urllib3\connectionpool.py", line 367, in _raise_timeout
    raise ReadTimeoutError(
urllib3.exceptions.ReadTimeoutError: HTTPSConnectionPool(host='lott.v6a7hash.com', port=443): Read timed out. (read timeout=5)

During handling of the above exception, another exception occurred:

Traceback (most recent call last):
  File "D:\PycharmProjects\23pg-api-test\tests\conftest.py", line 366, in _check
    r = requests.get(url, timeout=5)
  File "D:\Python\Python310\lib\site-packages\requests\api.py", line 73, in get
    return request("get", url, params=params, **kwargs)
  File "D:\Python\Python310\lib\site-packages\requests\api.py", line 59, in request
    return session.request(method=method, url=url, **kwargs)
  File "D:\Python\Python310\lib\site-packages\requests\sessions.py", line 589, in request
    resp = self.send(prep, **send_kwargs)
  File "D:\Python\Python310\lib\site-packages\requests\sessions.py", line 703, in send
    r = adapter.send(request, **kwargs)
  File "D:\Python\Python310\lib\site-packages\requests\adapters.py", line 690, in send
    raise ReadTimeout(e, request=request)
requests.exceptions.ReadTimeout: HTTPSConnectionPool(host='lott.v6a7hash.com', port=443): Read timed out. (read timeout=5)
2025-12-23 10:44:19 [32mINFO[0m root: [HTTP] status=200
2025-12-23 10:44:19 [32mINFO[0m root: [ÂÆûÈôÖËøîÂõû] code=200, [Êñ≠Ë®Ä] code=[200]