2025-12-24 18:29:20 [32mINFO[0m root: >>>>>>>>>>>>>>>>>>>>>>>>>>>>>>>>>>>>>>>>>>>>>>>>>>>>>>>>>>>>>>>>>>>>>>>>>>>>>>>>>>>>>>>>>>>>>>>>>>>>>>>>>>>>
2025-12-24 18:29:20 [32mINFO[0m root: ========== ğŸŒ API è¯·æ±‚ ==========
2025-12-24 18:29:20 [32mINFO[0m root: METHOD  : POST
2025-12-24 18:29:20 [32mINFO[0m root: URL     : https://23pg1.com/api/users/set_wp_pass?force_no_encrypt=567f9c9a-28cf-4096-b540-e428f40a1e74-jh82&isDev=yes
2025-12-24 18:29:20 [32mINFO[0m root: HEADERS : {'Content-Type': 'application/json'}
2025-12-24 18:29:20 [32mINFO[0m root: PARAMS  : {'force_no_encrypt': '567f9c9a-28cf-4096-b540-e428f40a1e74-jh82'}
2025-12-24 18:29:20 [32mINFO[0m root: JSON    : {"wp_password": "123456", "wp_password2": "123456", "email": "tztz4450@gmail.com", "verify_code": "123456"}
2025-12-24 18:29:50 [1m[31mERROR[0m root: [API ERROR] POST https://23pg1.com/api/users/set_wp_pass?force_no_encrypt=567f9c9a-28cf-4096-b540-e428f40a1e74-jh82&isDev=yes | ReadTimeout
Traceback (most recent call last):
  File "D:\Python\Python310\lib\site-packages\urllib3\connectionpool.py", line 773, in urlopen
    self._prepare_proxy(conn)
  File "D:\Python\Python310\lib\site-packages\urllib3\connectionpool.py", line 1042, in _prepare_proxy
    conn.connect()
  File "D:\Python\Python310\lib\site-packages\urllib3\connection.py", line 796, in connect
    sock_and_verified = _ssl_wrap_socket_and_match_hostname(
  File "D:\Python\Python310\lib\site-packages\urllib3\connection.py", line 975, in _ssl_wrap_socket_and_match_hostname
    ssl_sock = ssl_wrap_socket(
  File "D:\Python\Python310\lib\site-packages\urllib3\util\ssl_.py", line 483, in ssl_wrap_socket
    ssl_sock = _ssl_wrap_socket_impl(sock, context, tls_in_tls, server_hostname)
  File "D:\Python\Python310\lib\site-packages\urllib3\util\ssl_.py", line 527, in _ssl_wrap_socket_impl
    return ssl_context.wrap_socket(sock, server_hostname=server_hostname)
  File "D:\Python\Python310\lib\ssl.py", line 513, in wrap_socket
    return self.sslsocket_class._create(
  File "D:\Python\Python310\lib\ssl.py", line 1071, in _create
    self.do_handshake()
  File "D:\Python\Python310\lib\ssl.py", line 1342, in do_handshake
    self._sslobj.do_handshake()
TimeoutError: _ssl.c:990: The handshake operation timed out

The above exception was the direct cause of the following exception:

Traceback (most recent call last):
  File "D:\Python\Python310\lib\site-packages\requests\adapters.py", line 644, in send
    resp = conn.urlopen(
  File "D:\Python\Python310\lib\site-packages\urllib3\connectionpool.py", line 841, in urlopen
    retries = retries.increment(
  File "D:\Python\Python310\lib\site-packages\urllib3\util\retry.py", line 474, in increment
    raise reraise(type(error), error, _stacktrace)
  File "D:\Python\Python310\lib\site-packages\urllib3\util\util.py", line 39, in reraise
    raise value
  File "D:\Python\Python310\lib\site-packages\urllib3\connectionpool.py", line 775, in urlopen
    self._raise_timeout(
  File "D:\Python\Python310\lib\site-packages\urllib3\connectionpool.py", line 367, in _raise_timeout
    raise ReadTimeoutError(
urllib3.exceptions.ReadTimeoutError: HTTPSConnectionPool(host='23pg1.com', port=443): Read timed out. (read timeout=30)

During handling of the above exception, another exception occurred:

Traceback (most recent call last):
  File "D:\PycharmProjects\23pg-api-test\utils\api_client.py", line 242, in request
    resp = requests.request(
  File "D:\Python\Python310\lib\site-packages\requests\api.py", line 59, in request
    return session.request(method=method, url=url, **kwargs)
  File "D:\Python\Python310\lib\site-packages\requests\sessions.py", line 589, in request
    resp = self.send(prep, **send_kwargs)
  File "D:\Python\Python310\lib\site-packages\requests\sessions.py", line 703, in send
    r = adapter.send(request, **kwargs)
  File "D:\Python\Python310\lib\site-packages\requests\adapters.py", line 690, in send
    raise ReadTimeout(e, request=request)
requests.exceptions.ReadTimeout: HTTPSConnectionPool(host='23pg1.com', port=443): Read timed out. (read timeout=30)
2025-12-24 18:29:52 [32mINFO[0m root: >>>>>>>>>>>>>>>>>>>>>>>>>>>>>>>>>>>>>>>>>>>>>>>>>>>>>>>>>>>>>>>>>>>>>>>>>>>>>>>>>>>>>>>>>>>>>>>>>>>>>>>>>>>>
2025-12-24 18:29:52 [32mINFO[0m root: ========== ğŸŒ API è¯·æ±‚ ==========
2025-12-24 18:29:52 [32mINFO[0m root: METHOD  : POST
2025-12-24 18:29:52 [32mINFO[0m root: URL     : https://23pg1.com/api/users/set_wp_pass?force_no_encrypt=567f9c9a-28cf-4096-b540-e428f40a1e74-jh82&isDev=yes
2025-12-24 18:29:52 [32mINFO[0m root: HEADERS : {'Content-Type': 'application/json'}
2025-12-24 18:29:52 [32mINFO[0m root: PARAMS  : {'force_no_encrypt': '567f9c9a-28cf-4096-b540-e428f40a1e74-jh82'}
2025-12-24 18:29:52 [32mINFO[0m root: JSON    : {"wp_password": "123456", "wp_password2": "123456", "email": "tztz4450@gmail.com", "verify_code": "123456"}
2025-12-24 18:29:53 [32mINFO[0m root: ========== ğŸ“¥ API å“åº” ==========
2025-12-24 18:29:53 [32mINFO[0m root: STATUS  : 400
2025-12-24 18:29:53 [32mINFO[0m root: BODY    : {"code":40001,"message":"éªŒè¯ç é”™è¯¯æˆ–æ— æ•ˆï¼"}
2025-12-24 18:29:53 [32mINFO[0m root: ========== ğŸ“Œ API æ–­è¨€ ==========
2025-12-24 18:29:53 [32mINFO[0m root: [HTTP] status=400
2025-12-24 18:29:53 [32mINFO[0m root: [ä¸šåŠ¡æ–­è¨€] å®é™… code=40001 | å…è®¸=[40001]
2025-12-24 18:29:53 [32mINFO[0m root: [HTTPæ–­è¨€] å®é™…=400 | å…è®¸=[400]