2025-12-24 18:41:26 [32mINFO[0m root: >>>>>>>>>>>>>>>>>>>>>>>>>>>>>>>>>>>>>>>>>>>>>>>>>>>>>>>>>>>>>>>>>>>>>>>>>>>>>>>>>>>>>>>>>>>>>>>>>>>>>>>>>>>>
2025-12-24 18:41:26 [32mINFO[0m root: ========== ğŸŒ API è¯·æ±‚ ==========
2025-12-24 18:41:26 [32mINFO[0m root: METHOD  : GET
2025-12-24 18:41:26 [32mINFO[0m root: URL     : https://23pg1.com/api/cache/every_time_draw?force_no_encrypt=567f9c9a-28cf-4096-b540-e428f40a1e74-jh82&isDev=yes
2025-12-24 18:41:26 [32mINFO[0m root: HEADERS : {'Content-Type': 'application/json'}
2025-12-24 18:41:26 [32mINFO[0m root: PARAMS  : {'force_no_encrypt': '567f9c9a-28cf-4096-b540-e428f40a1e74-jh82'}
2025-12-24 18:41:29 [31m[1mERROR[0m root: [API ERROR] GET https://23pg1.com/api/cache/every_time_draw?force_no_encrypt=567f9c9a-28cf-4096-b540-e428f40a1e74-jh82&isDev=yes | SSLError
urllib3.exceptions.SSLError: EOF occurred in violation of protocol (_ssl.c:1007)

The above exception was the direct cause of the following exception:

Traceback (most recent call last):
  File "D:\Python\Python310\lib\site-packages\requests\adapters.py", line 644, in send
    resp = conn.urlopen(
  File "D:\Python\Python310\lib\site-packages\urllib3\connectionpool.py", line 841, in urlopen
    retries = retries.increment(
  File "D:\Python\Python310\lib\site-packages\urllib3\util\retry.py", line 519, in increment
    raise MaxRetryError(_pool, url, reason) from reason  # type: ignore[arg-type]
urllib3.exceptions.MaxRetryError: HTTPSConnectionPool(host='23pg1.com', port=443): Max retries exceeded with url: /api/cache/every_time_draw?force_no_encrypt=567f9c9a-28cf-4096-b540-e428f40a1e74-jh82&isDev=yes (Caused by SSLError(SSLEOFError(8, 'EOF occurred in violation of protocol (_ssl.c:1007)')))

During handling of the above exception, another exception occurred:

Traceback (most recent call last):
  File "D:\PycharmProjects\23pg-api-test\utils\api_client.py", line 242, in request
    resp = requests.request(
  File "D:\Python\Python310\lib\site-packages\requests\api.py", line 59, in request
    return session.request(method=method, url=url, **kwargs)
  File "D:\Python\Python310\lib\site-packages\requests\sessions.py", line 589, in request
    resp = self.send(prep, **send_kwargs)
  File "D:\Python\Python310\lib\site-packages\requests\sessions.py", line 703, in send
    r = adapter.send(request, **kwargs)
  File "D:\Python\Python310\lib\site-packages\requests\adapters.py", line 675, in send
    raise SSLError(e, request=request)
requests.exceptions.SSLError: HTTPSConnectionPool(host='23pg1.com', port=443): Max retries exceeded with url: /api/cache/every_time_draw?force_no_encrypt=567f9c9a-28cf-4096-b540-e428f40a1e74-jh82&isDev=yes (Caused by SSLError(SSLEOFError(8, 'EOF occurred in violation of protocol (_ssl.c:1007)')))
2025-12-24 18:41:31 [32mINFO[0m root: >>>>>>>>>>>>>>>>>>>>>>>>>>>>>>>>>>>>>>>>>>>>>>>>>>>>>>>>>>>>>>>>>>>>>>>>>>>>>>>>>>>>>>>>>>>>>>>>>>>>>>>>>>>>
2025-12-24 18:41:31 [32mINFO[0m root: ========== ğŸŒ API è¯·æ±‚ ==========
2025-12-24 18:41:31 [32mINFO[0m root: METHOD  : GET
2025-12-24 18:41:31 [32mINFO[0m root: URL     : https://23pg1.com/api/cache/every_time_draw?force_no_encrypt=567f9c9a-28cf-4096-b540-e428f40a1e74-jh82&isDev=yes
2025-12-24 18:41:31 [32mINFO[0m root: HEADERS : {'Content-Type': 'application/json'}
2025-12-24 18:41:31 [32mINFO[0m root: PARAMS  : {'force_no_encrypt': '567f9c9a-28cf-4096-b540-e428f40a1e74-jh82'}
2025-12-24 18:41:33 [32mINFO[0m root: ========== ğŸ“¥ API å“åº” ==========
2025-12-24 18:41:33 [32mINFO[0m root: STATUS  : 200
2025-12-24 18:41:33 [32mINFO[0m root: BODY    : {"timestamp":1766570400,"data":[{"game_id":375,"name":"å¹¸è¿é¾™","platform":"JDB","code":"8001","img":"/upload/game/JDB/xingyunlong_jpg.image","h5_img":"/upload/game/JDB/xingyunlong_jpg.image","is_screen":false,"is_iframe":true,"odds":96.16,"type":"slot","bet_amount":1949.0,"payout_amount":187486,"username":"d0***14","timestamp":1766549442},{"game_id":1215,"name":"æ‹›è´¢é”¦é²¤","platform":"PA","code":"WH35","img":"/upload/game/PA/zhaocaijinli_jpg.image","h5_img":"/upload/game/PA/zhaocaijinli_jpg.image","is_screen":false,"is_iframe":false,"odds":95.08,"type":"slot","bet_amount":1507.0,"payout_amount":143316,"username":"p7***L8","timestamp":1766490226},{"game_id":678,"name":"å¦™ç¬”ç”Ÿè´¢","platform":"CQ9","code":"AR01","img":"/upload/game/CQ9/miaobishengcai_jpg.image","h5_img":"/upload/game/CQ9/miaobishengcai_jpg.image","is_screen":false,"is_iframe":false,"odds":94.24,"type":"slot","bet_amount":1409.0,"payout_amount":132860,"username":"ZO***31","timestamp":1766485450},{"game_id":58,"name":"å†°é›ªå¤§å†²å…³","platform":"PG","code":"53","img":"/upload/game/PG/bingxuedachongguan_jpg.image","h5_img":"/upload/game/PG/bingxuedachongguan_jpg.image","is_screen":null,"is_iframe":true,"odds":96.33,"type":"slot","bet_amount":1183.0,"payout_amount":114043,"username":"sD***RI","timestamp":1766553563},{"game_id":1248,"name":"ç³–æœç¢°ç¢°ä¹","platform":"PA","code":"SB33","img":"/upload/game/PA/tangguopengpengle_jpg.image","h5_img":"/upload/game/PA/tangguopengpengle_jpg.image","is_screen":false,"is_iframe":false,"odds":96.45,"type":"
2025-12-24 18:41:33 [32mINFO[0m root: ========== ğŸ“Œ API æ–­è¨€ ==========
2025-12-24 18:41:33 [32mINFO[0m root: [HTTP] status=200
2025-12-24 18:41:33 [32mINFO[0m root: [HTTPæ–­è¨€] å®é™…=200 | å…è®¸=[200]