2025-12-24 14:55:00 [32mINFO[0m root: >>>>>>>>>>>>>>>>>>>>>>>>>>>>>>>>>>>>>>>>>>>>>>>>>>>>>>>>>>>>>>>>>>>>>>>>>>>>>>>>>>>>>>>>>>>>>>>>>>>>>>>>>>>>
2025-12-24 14:55:00 [32mINFO[0m root: ========== üåê API ËØ∑Ê±Ç ==========
2025-12-24 14:55:00 [32mINFO[0m root: METHOD  : POST
2025-12-24 14:55:00 [32mINFO[0m root: URL     : https://pgyl-api.iyes.dev/api/users/up_password?force_no_encrypt=567f9c9a-28cf-4096-b540-e428f40a1e74-jh82&isDev=yes
2025-12-24 14:55:00 [32mINFO[0m root: HEADERS : {'Content-Type': 'application/json'}
2025-12-24 14:55:00 [32mINFO[0m root: PARAMS  : {'force_no_encrypt': '567f9c9a-28cf-4096-b540-e428f40a1e74-jh82'}
2025-12-24 14:55:00 [32mINFO[0m root: JSON    : {"wp_password": "aa1234567", "wp_password2": "aa1234567", "password": "aa123456", "email": "tztz4450@gmail.com", "verify_code": "123456"}
2025-12-24 14:55:01 [31m[1mERROR[0m root: [API ERROR] POST https://pgyl-api.iyes.dev/api/users/up_password?force_no_encrypt=567f9c9a-28cf-4096-b540-e428f40a1e74-jh82&isDev=yes | ReadTimeout
Traceback (most recent call last):
  File "D:\Python\Python310\lib\site-packages\urllib3\connectionpool.py", line 534, in _make_request
    response = conn.getresponse()
  File "D:\Python\Python310\lib\site-packages\urllib3\connection.py", line 571, in getresponse
    httplib_response = super().getresponse()
  File "D:\Python\Python310\lib\http\client.py", line 1375, in getresponse
    response.begin()
  File "D:\Python\Python310\lib\http\client.py", line 318, in begin
    version, status, reason = self._read_status()
  File "D:\Python\Python310\lib\http\client.py", line 279, in _read_status
    line = str(self.fp.readline(_MAXLINE + 1), "iso-8859-1")
  File "D:\Python\Python310\lib\socket.py", line 705, in readinto
    return self._sock.recv_into(b)
  File "D:\Python\Python310\lib\ssl.py", line 1274, in recv_into
    return self.read(nbytes, buffer)
  File "D:\Python\Python310\lib\ssl.py", line 1130, in read
    return self._sslobj.read(len, buffer)
TimeoutError: The read operation timed out

The above exception was the direct cause of the following exception:

Traceback (most recent call last):
  File "D:\Python\Python310\lib\site-packages\requests\adapters.py", line 644, in send
    resp = conn.urlopen(
  File "D:\Python\Python310\lib\site-packages\urllib3\connectionpool.py", line 841, in urlopen
    retries = retries.increment(
  File "D:\Python\Python310\lib\site-packages\urllib3\util\retry.py", line 474, in increment
    raise reraise(type(error), error, _stacktrace)
  File "D:\Python\Python310\lib\site-packages\urllib3\util\util.py", line 39, in reraise
    raise value
  File "D:\Python\Python310\lib\site-packages\urllib3\connectionpool.py", line 787, in urlopen
    response = self._make_request(
  File "D:\Python\Python310\lib\site-packages\urllib3\connectionpool.py", line 536, in _make_request
    self._raise_timeout(err=e, url=url, timeout_value=read_timeout)
  File "D:\Python\Python310\lib\site-packages\urllib3\connectionpool.py", line 367, in _raise_timeout
    raise ReadTimeoutError(
urllib3.exceptions.ReadTimeoutError: HTTPSConnectionPool(host='pgyl-api.iyes.dev', port=443): Read timed out. (read timeout=1)

During handling of the above exception, another exception occurred:

Traceback (most recent call last):
  File "D:\PycharmProjects\23pg-api-test\utils\api_client.py", line 242, in request
    resp = requests.request(
  File "D:\Python\Python310\lib\site-packages\requests\api.py", line 59, in request
    return session.request(method=method, url=url, **kwargs)
  File "D:\Python\Python310\lib\site-packages\requests\sessions.py", line 589, in request
    resp = self.send(prep, **send_kwargs)
  File "D:\Python\Python310\lib\site-packages\requests\sessions.py", line 703, in send
    r = adapter.send(request, **kwargs)
  File "D:\Python\Python310\lib\site-packages\requests\adapters.py", line 690, in send
    raise ReadTimeout(e, request=request)
requests.exceptions.ReadTimeout: HTTPSConnectionPool(host='pgyl-api.iyes.dev', port=443): Read timed out. (read timeout=1)