2025-12-24 18:46:15 [32mINFO[0m root: >>>>>>>>>>>>>>>>>>>>>>>>>>>>>>>>>>>>>>>>>>>>>>>>>>>>>>>>>>>>>>>>>>>>>>>>>>>>>>>>>>>>>>>>>>>>>>>>>>>>>>>>>>>>
2025-12-24 18:46:15 [32mINFO[0m root: ========== ğŸŒ API è¯·æ±‚ ==========
2025-12-24 18:46:15 [32mINFO[0m root: METHOD  : POST
2025-12-24 18:46:15 [32mINFO[0m root: URL     : https://23pg1.com/api/users/i/info?force_no_encrypt=567f9c9a-28cf-4096-b540-e428f40a1e74-jh82&isDev=yes
2025-12-24 18:46:15 [32mINFO[0m root: HEADERS : {'Content-Type': 'application/json'}
2025-12-24 18:46:15 [32mINFO[0m root: PARAMS  : {'force_no_encrypt': '567f9c9a-28cf-4096-b540-e428f40a1e74-jh82'}
2025-12-24 18:46:15 [32mINFO[0m root: JSON    : {}
2025-12-24 18:46:18 [1m[31mERROR[0m root: [API ERROR] POST https://23pg1.com/api/users/i/info?force_no_encrypt=567f9c9a-28cf-4096-b540-e428f40a1e74-jh82&isDev=yes | SSLError
urllib3.exceptions.SSLError: EOF occurred in violation of protocol (_ssl.c:1007)

The above exception was the direct cause of the following exception:

Traceback (most recent call last):
  File "D:\Python\Python310\lib\site-packages\requests\adapters.py", line 644, in send
    resp = conn.urlopen(
  File "D:\Python\Python310\lib\site-packages\urllib3\connectionpool.py", line 841, in urlopen
    retries = retries.increment(
  File "D:\Python\Python310\lib\site-packages\urllib3\util\retry.py", line 519, in increment
    raise MaxRetryError(_pool, url, reason) from reason  # type: ignore[arg-type]
urllib3.exceptions.MaxRetryError: HTTPSConnectionPool(host='23pg1.com', port=443): Max retries exceeded with url: /api/users/i/info?force_no_encrypt=567f9c9a-28cf-4096-b540-e428f40a1e74-jh82&isDev=yes (Caused by SSLError(SSLEOFError(8, 'EOF occurred in violation of protocol (_ssl.c:1007)')))

During handling of the above exception, another exception occurred:

Traceback (most recent call last):
  File "D:\PycharmProjects\23pg-api-test\utils\api_client.py", line 242, in request
    resp = requests.request(
  File "D:\Python\Python310\lib\site-packages\requests\api.py", line 59, in request
    return session.request(method=method, url=url, **kwargs)
  File "D:\Python\Python310\lib\site-packages\requests\sessions.py", line 589, in request
    resp = self.send(prep, **send_kwargs)
  File "D:\Python\Python310\lib\site-packages\requests\sessions.py", line 703, in send
    r = adapter.send(request, **kwargs)
  File "D:\Python\Python310\lib\site-packages\requests\adapters.py", line 675, in send
    raise SSLError(e, request=request)
requests.exceptions.SSLError: HTTPSConnectionPool(host='23pg1.com', port=443): Max retries exceeded with url: /api/users/i/info?force_no_encrypt=567f9c9a-28cf-4096-b540-e428f40a1e74-jh82&isDev=yes (Caused by SSLError(SSLEOFError(8, 'EOF occurred in violation of protocol (_ssl.c:1007)')))
2025-12-24 18:46:20 [32mINFO[0m root: >>>>>>>>>>>>>>>>>>>>>>>>>>>>>>>>>>>>>>>>>>>>>>>>>>>>>>>>>>>>>>>>>>>>>>>>>>>>>>>>>>>>>>>>>>>>>>>>>>>>>>>>>>>>
2025-12-24 18:46:20 [32mINFO[0m root: ========== ğŸŒ API è¯·æ±‚ ==========
2025-12-24 18:46:20 [32mINFO[0m root: METHOD  : POST
2025-12-24 18:46:20 [32mINFO[0m root: URL     : https://23pg1.com/api/users/i/info?force_no_encrypt=567f9c9a-28cf-4096-b540-e428f40a1e74-jh82&isDev=yes
2025-12-24 18:46:20 [32mINFO[0m root: HEADERS : {'Content-Type': 'application/json'}
2025-12-24 18:46:20 [32mINFO[0m root: PARAMS  : {'force_no_encrypt': '567f9c9a-28cf-4096-b540-e428f40a1e74-jh82'}
2025-12-24 18:46:20 [32mINFO[0m root: JSON    : {}
2025-12-24 18:46:21 [32mINFO[0m root: ========== ğŸ“¥ API å“åº” ==========
2025-12-24 18:46:21 [32mINFO[0m root: STATUS  : 200
2025-12-24 18:46:21 [32mINFO[0m root: BODY    : {"data":{"id":100957,"username":"tz4001","real_name":"å“ˆå“ˆ","account":{"balance_cny":"0","balance":"0"},"is_binding":false,"wp_confirmed":false,"ps_confirmed":true,"created":"2025-11-21T06:53:05Z","gender":1,"birthday":"2004-12-31T16:00:00Z","avatar":"3","is_vip":false,"country_code":null,"active":true,"email":null,"phone":null,"week_profit":{},"points":0.0,"svip":0,"transfer_is_hide_platform":false,"transfer_is_custom":true,"last_login_at":"2025-12-23T06:42:25Z","last_login_ip":"31.223.184.88"},"code":"200"}
2025-12-24 18:46:21 [32mINFO[0m root: ========== ğŸ“Œ API æ–­è¨€ ==========
2025-12-24 18:46:21 [32mINFO[0m root: [HTTP] status=200
2025-12-24 18:46:21 [32mINFO[0m root: [ä¸šåŠ¡æ–­è¨€] å®é™… code=200 | å…è®¸=[200]
2025-12-24 18:46:21 [32mINFO[0m root: [HTTPæ–­è¨€] å®é™…=200 | å…è®¸=[200]